<?xml version="1.0" encoding="UTF-8"?>
<!-- Generated by org.testng.reporters.JUnitReportReporter -->
<testsuite skipped="0" hostname="wsdel48216" name="dataprovider.DataProviderForXls" tests="3" failures="0" timestamp="08 Apr 2018 07:03:42 GMT" time="0.015" errors="0">
  <testcase name="getEmployees" time="0.000" classname="dataprovider.DataProviderForXls"/>
  <testcase name="getEmployees" time="0.010" classname="dataprovider.DataProviderForXls"/>
  <testcase name="getEmployees" time="0.005" classname="dataprovider.DataProviderForXls"/>
</testsuite> <!-- dataprovider.DataProviderForXls -->
