<?xml version="1.0" encoding="UTF-8"?>
<!-- Generated by org.testng.reporters.JUnitReportReporter -->
<testsuite skipped="0" hostname="wsdel48216" name="test.LoginPageTest" tests="1" failures="0" timestamp="07 Apr 2018 06:23:01 GMT" time="14.282" errors="0">
  <testcase name="VerifyUser" time="14.282" classname="test.LoginPageTest"/>
</testsuite> <!-- test.LoginPageTest -->
