<?xml version="1.0" encoding="UTF-8"?>
<!-- Generated by org.testng.reporters.JUnitReportReporter -->
<testsuite skipped="0" hostname="wsdel48216" name="dataprovider.DataProviderDemo1" tests="2" failures="0" timestamp="08 Apr 2018 06:44:24 GMT" time="0.015" errors="0">
  <testcase name="getEmployees" time="0.005" classname="dataprovider.DataProviderDemo1"/>
  <testcase name="getEmployees" time="0.010" classname="dataprovider.DataProviderDemo1"/>
</testsuite> <!-- dataprovider.DataProviderDemo1 -->
