<?xml version="1.0" encoding="UTF-8"?>
<!-- Generated by org.testng.reporters.JUnitReportReporter -->
<testsuite skipped="0" hostname="wsdel48216" name="dataprovider.DataProviderDemo2" tests="3" failures="0" timestamp="08 Apr 2018 06:44:00 GMT" time="0.015" errors="0">
  <testcase name="getEmployees" time="0.000" classname="dataprovider.DataProviderDemo2"/>
  <testcase name="getEmployees" time="0.005" classname="dataprovider.DataProviderDemo2"/>
  <testcase name="getEmployees" time="0.010" classname="dataprovider.DataProviderDemo2"/>
</testsuite> <!-- dataprovider.DataProviderDemo2 -->
