<?xml version="1.0" encoding="UTF-8"?>
<!-- Generated by org.testng.reporters.JUnitReportReporter -->
<testsuite skipped="0" hostname="wsdel48216" name="core.NewTest" tests="2" failures="0" timestamp="31 Mar 2018 06:00:20 GMT" time="0.010" errors="0">
  <testcase name="test1" time="0.005" classname="core.NewTest"/>
  <testcase name="test2" time="0.005" classname="core.NewTest"/>
</testsuite> <!-- core.NewTest -->
